{"level":"error","message":"Error occurred during registration: Cannot destructure property 'firstName' of 'req.body' as it is undefined.","stack":"TypeError: Cannot destructure property 'firstName' of 'req.body' as it is undefined.\n    at C:\\Users\\Padraig\\OneDrive - National College of Ireland\\College\\Year 4\\Computing Project\\ComputingProject\\server.js:91:17\n    at Layer.handle [as handle_request] (C:\\Users\\Padraig\\OneDrive - National College of Ireland\\College\\Year 4\\Computing Project\\ComputingProject\\node_modules\\express\\lib\\router\\layer.js:95:5)\n    at next (C:\\Users\\Padraig\\OneDrive - National College of Ireland\\College\\Year 4\\Computing Project\\ComputingProject\\node_modules\\express\\lib\\router\\route.js:149:13)\n    at Route.dispatch (C:\\Users\\Padraig\\OneDrive - National College of Ireland\\College\\Year 4\\Computing Project\\ComputingProject\\node_modules\\express\\lib\\router\\route.js:119:3)\n    at Layer.handle [as handle_request] (C:\\Users\\Padraig\\OneDrive - National College of Ireland\\College\\Year 4\\Computing Project\\ComputingProject\\node_modules\\express\\lib\\router\\layer.js:95:5)\n    at C:\\Users\\Padraig\\OneDrive - National College of Ireland\\College\\Year 4\\Computing Project\\ComputingProject\\node_modules\\express\\lib\\router\\index.js:284:15\n    at Function.process_params (C:\\Users\\Padraig\\OneDrive - National College of Ireland\\College\\Year 4\\Computing Project\\ComputingProject\\node_modules\\express\\lib\\router\\index.js:346:12)\n    at next (C:\\Users\\Padraig\\OneDrive - National College of Ireland\\College\\Year 4\\Computing Project\\ComputingProject\\node_modules\\express\\lib\\router\\index.js:280:10)\n    at expressInit (C:\\Users\\Padraig\\OneDrive - National College of Ireland\\College\\Year 4\\Computing Project\\ComputingProject\\node_modules\\express\\lib\\middleware\\init.js:40:5)\n    at Layer.handle [as handle_request] (C:\\Users\\Padraig\\OneDrive - National College of Ireland\\College\\Year 4\\Computing Project\\ComputingProject\\node_modules\\express\\lib\\router\\layer.js:95:5)"}
{"level":"error","message":"Error occurred during registration: Cannot destructure property 'firstName' of 'req.body' as it is undefined.","stack":"TypeError: Cannot destructure property 'firstName' of 'req.body' as it is undefined.\n    at C:\\Users\\Padraig\\OneDrive - National College of Ireland\\College\\Year 4\\Computing Project\\ComputingProject\\server.js:91:17\n    at Layer.handle [as handle_request] (C:\\Users\\Padraig\\OneDrive - National College of Ireland\\College\\Year 4\\Computing Project\\ComputingProject\\node_modules\\express\\lib\\router\\layer.js:95:5)\n    at next (C:\\Users\\Padraig\\OneDrive - National College of Ireland\\College\\Year 4\\Computing Project\\ComputingProject\\node_modules\\express\\lib\\router\\route.js:149:13)\n    at Route.dispatch (C:\\Users\\Padraig\\OneDrive - National College of Ireland\\College\\Year 4\\Computing Project\\ComputingProject\\node_modules\\express\\lib\\router\\route.js:119:3)\n    at Layer.handle [as handle_request] (C:\\Users\\Padraig\\OneDrive - National College of Ireland\\College\\Year 4\\Computing Project\\ComputingProject\\node_modules\\express\\lib\\router\\layer.js:95:5)\n    at C:\\Users\\Padraig\\OneDrive - National College of Ireland\\College\\Year 4\\Computing Project\\ComputingProject\\node_modules\\express\\lib\\router\\index.js:284:15\n    at Function.process_params (C:\\Users\\Padraig\\OneDrive - National College of Ireland\\College\\Year 4\\Computing Project\\ComputingProject\\node_modules\\express\\lib\\router\\index.js:346:12)\n    at next (C:\\Users\\Padraig\\OneDrive - National College of Ireland\\College\\Year 4\\Computing Project\\ComputingProject\\node_modules\\express\\lib\\router\\index.js:280:10)\n    at expressInit (C:\\Users\\Padraig\\OneDrive - National College of Ireland\\College\\Year 4\\Computing Project\\ComputingProject\\node_modules\\express\\lib\\middleware\\init.js:40:5)\n    at Layer.handle [as handle_request] (C:\\Users\\Padraig\\OneDrive - National College of Ireland\\College\\Year 4\\Computing Project\\ComputingProject\\node_modules\\express\\lib\\router\\layer.js:95:5)"}
{"level":"error","message":"Error occurred during registration: Cannot destructure property 'firstName' of 'req.body' as it is undefined.","stack":"TypeError: Cannot destructure property 'firstName' of 'req.body' as it is undefined.\n    at C:\\Users\\Padraig\\OneDrive - National College of Ireland\\College\\Year 4\\Computing Project\\ComputingProject\\server.js:91:17\n    at Layer.handle [as handle_request] (C:\\Users\\Padraig\\OneDrive - National College of Ireland\\College\\Year 4\\Computing Project\\ComputingProject\\node_modules\\express\\lib\\router\\layer.js:95:5)\n    at next (C:\\Users\\Padraig\\OneDrive - National College of Ireland\\College\\Year 4\\Computing Project\\ComputingProject\\node_modules\\express\\lib\\router\\route.js:149:13)\n    at Route.dispatch (C:\\Users\\Padraig\\OneDrive - National College of Ireland\\College\\Year 4\\Computing Project\\ComputingProject\\node_modules\\express\\lib\\router\\route.js:119:3)\n    at Layer.handle [as handle_request] (C:\\Users\\Padraig\\OneDrive - National College of Ireland\\College\\Year 4\\Computing Project\\ComputingProject\\node_modules\\express\\lib\\router\\layer.js:95:5)\n    at C:\\Users\\Padraig\\OneDrive - National College of Ireland\\College\\Year 4\\Computing Project\\ComputingProject\\node_modules\\express\\lib\\router\\index.js:284:15\n    at Function.process_params (C:\\Users\\Padraig\\OneDrive - National College of Ireland\\College\\Year 4\\Computing Project\\ComputingProject\\node_modules\\express\\lib\\router\\index.js:346:12)\n    at next (C:\\Users\\Padraig\\OneDrive - National College of Ireland\\College\\Year 4\\Computing Project\\ComputingProject\\node_modules\\express\\lib\\router\\index.js:280:10)\n    at expressInit (C:\\Users\\Padraig\\OneDrive - National College of Ireland\\College\\Year 4\\Computing Project\\ComputingProject\\node_modules\\express\\lib\\middleware\\init.js:40:5)\n    at Layer.handle [as handle_request] (C:\\Users\\Padraig\\OneDrive - National College of Ireland\\College\\Year 4\\Computing Project\\ComputingProject\\node_modules\\express\\lib\\router\\layer.js:95:5)"}
{"class":16,"code":"EREQUEST","level":"error","lineNumber":7,"message":"Error occurred during registration: Invalid object name 'BiggerPhish.Users'.","name":"RequestError","number":208,"originalError":{"info":{"class":16,"handlerName":"onErrorMessage","lineNumber":7,"message":"Invalid object name 'BiggerPhish.Users'.","name":"ERROR","number":208,"procName":"sp_InsertUser","serverName":"DESKTOP-8KIOO2V\\SQLEXPRESS","state":1}},"precedingErrors":[],"procName":"sp_InsertUser","serverName":"DESKTOP-8KIOO2V\\SQLEXPRESS","stack":"RequestError: Invalid object name 'BiggerPhish.Users'.\n    at handleError (C:\\Users\\Padraig\\OneDrive - National College of Ireland\\College\\Year 4\\Computing Project\\ComputingProject\\node_modules\\mssql\\lib\\tedious\\request.js:738:15)\n    at Connection.emit (node:events:518:28)\n    at Connection.emit (C:\\Users\\Padraig\\OneDrive - National College of Ireland\\College\\Year 4\\Computing Project\\ComputingProject\\node_modules\\tedious\\lib\\connection.js:959:18)\n    at RequestTokenHandler.onErrorMessage (C:\\Users\\Padraig\\OneDrive - National College of Ireland\\College\\Year 4\\Computing Project\\ComputingProject\\node_modules\\tedious\\lib\\token\\handler.js:285:21)\n    at Readable.<anonymous> (C:\\Users\\Padraig\\OneDrive - National College of Ireland\\College\\Year 4\\Computing Project\\ComputingProject\\node_modules\\tedious\\lib\\token\\token-stream-parser.js:18:33)\n    at Readable.emit (node:events:518:28)\n    at addChunk (node:internal/streams/readable:559:12)\n    at readableAddChunkPushObjectMode (node:internal/streams/readable:536:3)\n    at Readable.push (node:internal/streams/readable:391:5)\n    at nextAsync (node:internal/streams/from:194:22)","state":1}
{"level":"error","message":"User registration failed: Unknown error occurred","timestamp":"2024-04-15 19:54:45"}
{"level":"error","message":"Error occurred during registration: Incomplete form data","stack":"Error: Incomplete form data\n    at C:\\Users\\Padraig\\OneDrive - National College of Ireland\\College\\Year 4\\Computing Project\\ComputingProject\\server.js:150:19\n    at Layer.handle [as handle_request] (C:\\Users\\Padraig\\OneDrive - National College of Ireland\\College\\Year 4\\Computing Project\\ComputingProject\\node_modules\\express\\lib\\router\\layer.js:95:5)\n    at next (C:\\Users\\Padraig\\OneDrive - National College of Ireland\\College\\Year 4\\Computing Project\\ComputingProject\\node_modules\\express\\lib\\router\\route.js:149:13)\n    at Route.dispatch (C:\\Users\\Padraig\\OneDrive - National College of Ireland\\College\\Year 4\\Computing Project\\ComputingProject\\node_modules\\express\\lib\\router\\route.js:119:3)\n    at Layer.handle [as handle_request] (C:\\Users\\Padraig\\OneDrive - National College of Ireland\\College\\Year 4\\Computing Project\\ComputingProject\\node_modules\\express\\lib\\router\\layer.js:95:5)\n    at C:\\Users\\Padraig\\OneDrive - National College of Ireland\\College\\Year 4\\Computing Project\\ComputingProject\\node_modules\\express\\lib\\router\\index.js:284:15\n    at Function.process_params (C:\\Users\\Padraig\\OneDrive - National College of Ireland\\College\\Year 4\\Computing Project\\ComputingProject\\node_modules\\express\\lib\\router\\index.js:346:12)\n    at next (C:\\Users\\Padraig\\OneDrive - National College of Ireland\\College\\Year 4\\Computing Project\\ComputingProject\\node_modules\\express\\lib\\router\\index.js:280:10)\n    at Immediate._onImmediate (C:\\Users\\Padraig\\OneDrive - National College of Ireland\\College\\Year 4\\Computing Project\\ComputingProject\\node_modules\\express-session\\index.js:514:7)\n    at process.processImmediate (node:internal/timers:480:21)","timestamp":"2024-04-15 20:13:38"}
{"level":"error","message":"User registration failed: Unknown error occurred","timestamp":"2024-04-15 20:13:58"}
2024-04-16 19:34:48 error: Error fetching user data 
2024-04-16 19:54:35 error: Error fetching user data {"userEmail":"p@test.ie","error":"Id is not defined"}
2024-04-16 20:11:28 error: Error fetching user data {"userEmail":"p@test.ie","error":"userDataJSON is not defined"}
2024-04-16 20:15:08 error: Error fetching user data {"userEmail":"p@test.ie","error":"userDataJSON is not defined"}
2024-04-16 20:15:10 error: Error fetching user data {"userEmail":"p@test.ie","error":"userDataJSON is not defined"}
2024-04-16 20:15:11 error: Error fetching user data {"userEmail":"p@test.ie","error":"userDataJSON is not defined"}
2024-04-16 20:15:12 error: Error fetching user data {"userEmail":"p@test.ie","error":"userDataJSON is not defined"}
2024-04-16 20:15:13 error: Error fetching user data {"userEmail":"p@test.ie","error":"userDataJSON is not defined"}
2024-04-16 20:15:13 error: Error fetching user data {"userEmail":"p@test.ie","error":"userDataJSON is not defined"}
2024-04-16 20:15:14 error: Error fetching user data {"userEmail":"p@test.ie","error":"userDataJSON is not defined"}
2024-04-16 20:15:14 error: Error fetching user data {"userEmail":"p@test.ie","error":"userDataJSON is not defined"}
2024-04-16 20:15:15 error: Error fetching user data {"userEmail":"p@test.ie","error":"userDataJSON is not defined"}
2024-04-16 20:15:16 error: Error fetching user data {"userEmail":"p@test.ie","error":"userDataJSON is not defined"}
2024-04-16 20:15:16 error: Error fetching user data {"userEmail":"p@test.ie","error":"userDataJSON is not defined"}
2024-04-16 20:15:17 error: Error fetching user data {"userEmail":"p@test.ie","error":"userDataJSON is not defined"}
2024-04-16 20:15:20 error: Error fetching user data {"userEmail":"p@test.ie","error":"userDataJSON is not defined"}
2024-04-16 20:15:26 error: Error fetching user data {"userEmail":"p@test.ie","error":"userDataJSON is not defined"}
2024-04-16 20:16:23 error: Error fetching user data {"userEmail":"p@test.ie","error":"userDataJSON is not defined"}
2024-04-16 20:16:24 error: Error fetching user data {"userEmail":"p@test.ie","error":"userDataJSON is not defined"}
2024-04-16 20:16:26 error: Error fetching user data {"userEmail":"p@test.ie","error":"userDataJSON is not defined"}
2024-04-16 20:16:27 error: Error fetching user data {"userEmail":"p@test.ie","error":"userDataJSON is not defined"}
2024-04-16 20:16:29 error: Error fetching user data {"userEmail":"p@test.ie","error":"userDataJSON is not defined"}
2024-04-16 20:18:32 error: Error fetching user data {"userEmail":"p@test.ie","error":"userDataJSON is not defined"}
2024-04-20 22:58:48 error: Error fetching user data {"userEmail":"c@c.c","error":"userDataJSON is not defined"}
2024-04-20 22:59:28 error: Error fetching user data {"userEmail":"c@c.c","error":"userDataJSON is not defined"}
2024-04-20 22:59:35 error: Error fetching user data {"userEmail":"c@c.c","error":"userDataJSON is not defined"}
2024-04-20 22:59:36 error: Error fetching user data {"userEmail":"c@c.c","error":"userDataJSON is not defined"}
2024-04-20 22:59:41 error: Error fetching user data {"userEmail":"c@c.c","error":"userDataJSON is not defined"}
2024-04-20 23:03:02 error: Error fetching user data {"userEmail":"c@c.c","error":"userDataJSON is not defined"}
2024-04-20 23:03:51 error: Error fetching user data {"userEmail":"p@test.ie","error":"userDataJSON is not defined"}
2024-04-22 20:51:16 error: Error fetching user data {"userEmail":"p@test.ie","error":"userDataJSON is not defined"}
2024-04-22 22:32:54 error: Error occurred during updating user name {"error":"Procedure or function sp_UpdateUserName has too many arguments specified."}
2024-04-22 22:33:23 error: Error occurred during updating user name {"error":"Procedure or function sp_UpdateUserName has too many arguments specified."}
2024-04-22 22:36:21 error: Error occurred during updating user name {"error":"Procedure or function sp_UpdateUserName has too many arguments specified."}
2024-04-22 22:37:11 error: Error occurred during updating user name {"error":"Procedure or function sp_UpdateUserName has too many arguments specified."}
2024-04-22 22:39:37 error: Error fetching user data {"userEmail":"p@test.ie","error":"n is not defined"}
2024-04-22 22:39:49 error: Error fetching user data {"userEmail":"p@test.ie","error":"n is not defined"}
2024-04-22 22:39:50 error: Error fetching user data {"userEmail":"p@test.ie","error":"n is not defined"}
2024-04-22 22:40:02 error: Error fetching user data {"userEmail":"p@test.ie","error":"n is not defined"}
2024-04-22 22:40:43 error: Error fetching user data {"userEmail":"p@test.ie","error":"n is not defined"}
2024-04-22 22:40:44 error: Error fetching user data {"userEmail":"p@test.ie","error":"n is not defined"}
2024-04-22 22:40:46 error: Error fetching user data {"userEmail":"p@test.ie","error":"n is not defined"}
2024-04-22 22:40:54 error: Error fetching user data {"userEmail":"p@test.ie","error":"n is not defined"}
2024-04-22 22:40:58 error: Error fetching user data {"userEmail":"p@test.ie","error":"n is not defined"}
2024-04-22 22:41:02 error: Error fetching user data {"userEmail":"p@test.ie","error":"n is not defined"}
2024-04-22 22:41:10 error: Error fetching user data {"userEmail":"c@c.c","error":"n is not defined"}
2024-04-22 22:42:19 error: Error fetching user data {"userEmail":"c@c.c","error":"n is not defined"}
2024-04-22 22:42:23 error: Error fetching user data {"userEmail":"c@c.c","error":"n is not defined"}
2024-04-22 22:43:05 error: Error fetching user data {"userEmail":"c@c.c","error":"n is not defined"}
2024-04-22 22:43:05 error: Error fetching user data {"userEmail":"c@c.c","error":"n is not defined"}
2024-04-22 22:43:06 error: Error fetching user data {"userEmail":"c@c.c","error":"n is not defined"}
2024-04-22 22:43:07 error: Error fetching user data {"userEmail":"c@c.c","error":"n is not defined"}
2024-04-22 22:43:07 error: Error fetching user data {"userEmail":"c@c.c","error":"n is not defined"}
2024-04-22 22:43:08 error: Error fetching user data {"userEmail":"c@c.c","error":"n is not defined"}
2024-04-22 22:43:22 error: Error fetching user data {"userEmail":"c@c.c","error":"n is not defined"}
2024-04-22 22:46:06 error: Error occurred during updating user name {"error":"Procedure or function sp_UpdateUserName has too many arguments specified.","email":"c@c.c","newFName":"clara1"}
2024-04-22 22:48:32 error: Error occurred during updating user name {"error":"Procedure or function sp_UpdateUserName has too many arguments specified.","email":"c@c.c","newFName":"clara1"}
2024-04-22 22:48:52 error: Error occurred during updating user name {"error":"Procedure or function sp_UpdateUserName has too many arguments specified.","email":"c@c.c","newFName":"clara1"}
2024-04-22 22:49:02 error: Error occurred during updating user name {"error":"Procedure or function sp_UpdateUserName has too many arguments specified.","email":"c@c.c","newFName":"clara1"}
2024-04-22 22:49:03 error: Error occurred during updating user name {"error":"Procedure or function sp_UpdateUserName has too many arguments specified.","email":"c@c.c","newFName":"clara1"}
2024-04-22 22:49:38 error: Error occurred during updating user name {"error":"Procedure or function sp_UpdateUserName has too many arguments specified.","email":"c@c.c","newFName":"clara1"}
2024-04-22 22:57:14 error: Error occurred during updating user name {"error":"Procedure or function sp_UpdateUserName has too many arguments specified.","email":"c@c.c","newFName":"Clara Connolly"}
2024-04-22 22:59:06 error: Error occurred during updating user name {"error":"Procedure or function sp_UpdateUserName has too many arguments specified.","email":"c@c.c","newFName":"Clara Connolly"}
2024-04-22 23:12:07 error: Update user email attempt with incomplete form data {"newEmail":"clara@test.test"}
2024-04-22 23:13:47 error: Update user email attempt with incomplete form data {"newEmail":"clara@c.c"}
2024-04-22 23:15:23 error: Update user email attempt with incomplete form data {"newEmail":"ca@c.c"}
2024-04-22 23:16:28 error: Update user email attempt with incomplete form data {"newEmail":"css@c.c"}
2024-04-22 23:17:48 error: Update user email attempt with incomplete form data {"newEmail":"css@c.c"}
2024-04-22 23:22:12 error: Update user email attempt with incomplete form data {"newEmail":"css@c.c"}
2024-04-22 23:24:17 error: Update user email attempt with incomplete form data {"newEmail":"css@c.c"}
2024-05-01 21:21:32 error: Error occurred during updating user email: {"error":"The new email is already in use.","oldEmail":"css@c.cc","newEmail":"css@c.cc"}
2024-05-01 21:21:37 error: Error occurred during updating user email: {"error":"The new email is already in use.","oldEmail":"css@c.cc","newEmail":"css@c.cc"}
2024-05-04 14:07:22 error: Error retrieving enrolled courses {"userEmail":"p@test.ie","error":"Incorrect syntax near the keyword 'User'."}
2024-05-04 14:24:35 error: Invalid courseId provided {"courseId":"style.css"}
2024-05-04 14:24:35 error: Invalid courseId provided {"courseId":"course.js"}
2024-05-04 14:28:37 error: Invalid courseId provided {"courseId":"course.js"}
2024-05-04 14:28:56 error: Invalid courseId provided {"courseId":"course.js"}
2024-05-04 14:29:04 error: Invalid courseId provided {"courseId":"course.js"}
2024-05-05 20:10:56 error: Course creation attempt with incomplete form data
2024-05-05 20:11:06 error: Course creation attempt with incomplete form data
2024-05-05 20:13:31 error: Course creation attempt with incomplete form data
2024-05-05 20:16:55 error: Error occurred during course creation: Cannot insert the value NULL into column 'CourseCode', table 'BiggerPhish.dbo.Courses'; column does not allow nulls. INSERT fails. {"code":"EREQUEST","originalError":{"info":{"name":"ERROR","handlerName":"onErrorMessage","number":515,"state":2,"class":16,"message":"Cannot insert the value NULL into column 'CourseCode', table 'BiggerPhish.dbo.Courses'; column does not allow nulls. INSERT fails.","serverName":"DESKTOP-8KIOO2V\\SQLEXPRESS","procName":"sp_InsertCourse","lineNumber":10}},"name":"RequestError","number":515,"lineNumber":10,"state":2,"class":16,"serverName":"DESKTOP-8KIOO2V\\SQLEXPRESS","procName":"sp_InsertCourse","precedingErrors":[]}
2024-05-05 20:17:07 error: Error occurred during course creation: Cannot insert the value NULL into column 'CourseCode', table 'BiggerPhish.dbo.Courses'; column does not allow nulls. INSERT fails. {"code":"EREQUEST","originalError":{"info":{"name":"ERROR","handlerName":"onErrorMessage","number":515,"state":2,"class":16,"message":"Cannot insert the value NULL into column 'CourseCode', table 'BiggerPhish.dbo.Courses'; column does not allow nulls. INSERT fails.","serverName":"DESKTOP-8KIOO2V\\SQLEXPRESS","procName":"sp_InsertCourse","lineNumber":10}},"name":"RequestError","number":515,"lineNumber":10,"state":2,"class":16,"serverName":"DESKTOP-8KIOO2V\\SQLEXPRESS","procName":"sp_InsertCourse","precedingErrors":[]}
2024-05-14 18:49:02 error: Exception occurred during login attempt {"email":"pEncrypted@email.com","error":{"code":"EREQUEST","originalError":{"info":{"name":"ERROR","handlerName":"onErrorMessage","number":207,"state":1,"class":16,"message":"Invalid column name 'Password'.","serverName":"DESKTOP-8KIOO2V\\SQLEXPRESS","procName":"","lineNumber":2}},"name":"RequestError","number":207,"lineNumber":2,"state":1,"class":16,"serverName":"DESKTOP-8KIOO2V\\SQLEXPRESS","procName":"","precedingErrors":[{"code":"EREQUEST","originalError":{"info":{"name":"ERROR","handlerName":"onErrorMessage","number":207,"state":1,"class":16,"message":"Invalid column name 'Email'.","serverName":"DESKTOP-8KIOO2V\\SQLEXPRESS","procName":"","lineNumber":2}},"name":"RequestError","number":207,"lineNumber":2,"state":1,"class":16,"serverName":"DESKTOP-8KIOO2V\\SQLEXPRESS","procName":""}]}}
2024-05-14 18:50:31 error: Exception occurred during login attempt {"email":"pEncrypted@email.com","error":"Invalid column name 'Password'."}
2024-05-14 18:52:37 error: Exception occurred during login attempt for email: pEncrypted@email.com {"error":"Invalid column name 'Password'."}
2024-05-14 18:55:05 error: Exception occurred during login attempt for email: pEncrypted@email.com {"error":"Invalid column name 'Password'."}
2024-05-14 18:59:18 error: Exception occurred during login attempt for email: pEncrypted@email.com {"error":"Invalid column name 'Password'."}
2024-05-14 19:24:58 error: Error occurred during password reset request {"error":"Invalid login: 535-5.7.8 Username and Password not accepted. For more information, go to\n535 5.7.8  https://support.google.com/mail/?p=BadCredentials ffacd0b85a97d-3502bbbbf9esm14180219f8f.91 - gsmtp","email":"p@test.ie"}
2024-05-15 22:53:53 error: Error occurred during course creation: newCourseId is not defined
2024-05-15 23:04:10 error: Error occurred during course content creation: Procedure or function 'sp_InsertCourseContent' expects parameter '@ContentType', which was not supplied. {"code":"EREQUEST","originalError":{"info":{"name":"ERROR","handlerName":"onErrorMessage","number":201,"state":4,"class":16,"message":"Procedure or function 'sp_InsertCourseContent' expects parameter '@ContentType', which was not supplied.","serverName":"DESKTOP-8KIOO2V\\SQLEXPRESS","procName":"sp_InsertCourseContent","lineNumber":0}},"name":"RequestError","number":201,"lineNumber":0,"state":4,"class":16,"serverName":"DESKTOP-8KIOO2V\\SQLEXPRESS","procName":"sp_InsertCourseContent","precedingErrors":[]}
2024-05-15 23:04:10 error: Error occurred during course content creation or email upload: Procedure or function 'sp_InsertCourseContent' expects parameter '@ContentType', which was not supplied. {"code":"EREQUEST","originalError":{"info":{"name":"ERROR","handlerName":"onErrorMessage","number":201,"state":4,"class":16,"message":"Procedure or function 'sp_InsertCourseContent' expects parameter '@ContentType', which was not supplied.","serverName":"DESKTOP-8KIOO2V\\SQLEXPRESS","procName":"sp_InsertCourseContent","lineNumber":0}},"name":"RequestError","number":201,"lineNumber":0,"state":4,"class":16,"serverName":"DESKTOP-8KIOO2V\\SQLEXPRESS","procName":"sp_InsertCourseContent","precedingErrors":[]}
2024-06-01 11:35:53 error: Invalid courseId provided {"courseId":"style.css"}
2024-06-01 11:35:53 error: Invalid courseId provided {"courseId":"admin-course-edit.js"}
2024-06-01 11:39:19 error: Invalid courseId provided {"courseId":"style.css"}
2024-06-01 11:39:19 error: Invalid courseId provided {"courseId":"admin-course-edit.js"}
2024-06-01 11:39:48 error: Invalid courseId provided {"courseId":"style.css"}
2024-06-01 11:39:48 error: Invalid courseId provided {"courseId":"admin-course-edit.js"}
2024-06-01 11:40:05 error: Invalid courseId provided {"courseId":"style.css"}
2024-06-01 11:40:05 error: Invalid courseId provided {"courseId":"admin-course-edit.js"}
2024-06-01 11:47:58 error: Invalid courseId provided {"courseId":"style.css"}
2024-06-01 11:47:58 error: Invalid courseId provided {"courseId":"admin-course-edit.js"}
2024-06-01 11:48:32 error: Invalid courseId provided {"courseId":"style.css"}
2024-06-01 11:49:59 error: Invalid courseId provided {"courseId":"style.css"}
2024-06-01 11:49:59 error: Invalid courseId provided {"courseId":"admin-course-edit.js"}
2024-06-01 11:57:40 error: Invalid courseId provided {"courseId":"admin-course-edit.js"}
2024-06-01 11:57:57 error: Invalid courseId provided {"courseId":"style.css"}
2024-06-01 11:57:57 error: Invalid courseId provided {"courseId":"admin-course-edit.js"}
2024-06-01 11:57:58 error: Invalid courseId provided {"courseId":"style.css"}
2024-06-01 11:57:58 error: Invalid courseId provided {"courseId":"admin-course-edit.js"}
2024-06-01 11:58:11 error: Invalid courseId provided {"courseId":"style.css"}
2024-06-01 11:58:35 error: Invalid courseId provided {"courseId":"style.css"}
2024-06-01 11:58:40 error: Invalid courseId provided {"courseId":"style.css"}
2024-06-01 12:19:48 error: Error deleting course content: The DELETE statement conflicted with the REFERENCE constraint "FK__UserCours__Conte__534D60F1". The conflict occurred in database "BiggerPhish", table "dbo.UserCourseContents", column 'ContentID'. {"code":"EREQUEST","originalError":{"info":{"name":"ERROR","handlerName":"onErrorMessage","number":547,"state":0,"class":16,"message":"The DELETE statement conflicted with the REFERENCE constraint \"FK__UserCours__Conte__534D60F1\". The conflict occurred in database \"BiggerPhish\", table \"dbo.UserCourseContents\", column 'ContentID'.","serverName":"DESKTOP-8KIOO2V\\SQLEXPRESS","procName":"","lineNumber":1}},"name":"RequestError","number":547,"lineNumber":1,"class":16,"serverName":"DESKTOP-8KIOO2V\\SQLEXPRESS","procName":"","precedingErrors":[]}
2024-06-01 12:29:30 error: Course content upload attempt with no files
2024-06-01 12:37:42 error: Course content upload attempt with no files
2024-06-01 12:41:29 error: Course content upload attempt with no files
2024-06-01 12:41:33 error: Course content upload attempt with no files
2024-06-01 12:41:34 error: Course content upload attempt with no files
2024-06-01 13:08:35 error: Error fetching course contents: Validation failed for parameter 'CourseID'. Invalid number. {"code":"EPARAM","originalError":{"code":"EPARAM"},"name":"RequestError","number":"EPARAM","precedingErrors":[]}
2024-06-01 13:08:56 error: Error fetching course contents: Validation failed for parameter 'CourseID'. Invalid number. {"code":"EPARAM","originalError":{"code":"EPARAM"},"name":"RequestError","number":"EPARAM","precedingErrors":[]}
2024-06-01 13:09:16 error: Error fetching course contents: Validation failed for parameter 'CourseID'. Invalid number. {"code":"EPARAM","originalError":{"code":"EPARAM"},"name":"RequestError","number":"EPARAM","precedingErrors":[]}
2024-06-01 14:46:06 error: Invalid courseId provided {"courseId":"admin-course-edit.js"}
2024-06-01 15:19:21 error: Error occurred during course content upload: courseType is not defined
2024-06-01 15:38:16 error: Invalid courseId provided {"courseId":"common.js"}
2024-06-01 15:38:23 error: Invalid courseId provided {"courseId":"common.js"}
2024-06-01 15:39:03 error: Invalid courseId provided {"courseId":"common.js"}
